Active-HDL 11.1.262.7351 2020-06-10 18:21:13

Elaboration top modules:
Architecture                  arch_sign_extend(sign_extend)


------------------------------------------------------------------------------------------------------
Entity      | Architecture     | Library       | Info | Compiler Version        | Compilation Options
------------------------------------------------------------------------------------------------------
sign_extend | arch_sign_extend | f_mips_design |      | 11.1.262.7351 (Windows) | -O3
------------------------------------------------------------------------------------------------------

------------------------------------------------------------------------------------------------------
VHDL Package                   | Library       | Info | Compiler Version        | Compilation Options
------------------------------------------------------------------------------------------------------
standard                       | std           |      |                         | <unavailable>
TEXTIO                         | std           |      |                         | <unavailable>
std_logic_1164                 | ieee          |      |                         | <unavailable>
NUMERIC_STD                    | ieee          |      |                         | <unavailable>
------------------------------------------------------------------------------------------------------

------------------------------------------------------------------------------------------------------
Library                        | Comment
------------------------------------------------------------------------------------------------------
f_mips_design                  | None
ieee                           | Standard IEEE packages library
std                            | Standard VHDL library
------------------------------------------------------------------------------------------------------
